🚀 Auto-PhosFlow Batch Manager Started.
   Webhook: https://open.feishu.cn/open-ap...
--------------------------------------------------
  [Scanner] Found 362 new molecules.
[2026-03-21 01:23:44] [Status] Active Jobs: 0 / Limit: 15
[2026-03-21 01:23:44] [Start] 启动新任务: 15_2
[2026-03-21 01:23:44] [Start] 启动新任务: idx_0524078_CC
[2026-03-21 01:23:44] [Start] 启动新任务: idx_0219618_CC
[2026-03-21 01:23:44] [Start] 启动新任务: idx_0275600_CC
[2026-03-21 01:23:44] [Start] 启动新任务: idx_0482095_CC
[2026-03-21 01:23:44] [Start] 启动新任务: idx_0606840_CC
[2026-03-21 01:23:44] [Start] 启动新任务: idx_0067226_CC
[2026-03-21 01:23:44] [Start] 启动新任务: idx_0162870_CC
[2026-03-21 01:23:44] [Start] 启动新任务: idx_0042890_CC
[2026-03-21 01:23:44] [Start] 启动新任务: idx_0208761_CC
[2026-03-21 01:23:44] [Start] 启动新任务: idx_0063498_CC
[2026-03-21 01:23:44] [Start] 启动新任务: idx_0409593_CC
[2026-03-21 01:23:44] [Start] 启动新任务: idx_0180412_CC
[2026-03-21 01:23:44] [Start] 启动新任务: idx_0591577_CC
[2026-03-21 01:23:44] [Start] 启动新任务: idx_0137450_CC
[2026-03-21 01:23:44] [Status] Active Jobs: 15 / Limit: 15
Submitted batch job 242466
Submitted batch job 242467
Submitted batch job 242468
Submitted batch job 242469
Submitted batch job 242470
Submitted batch job 242471
Submitted batch job 242472
Submitted batch job 242473
Submitted batch job 242474
Submitted batch job 242475
Submitted batch job 242476
Submitted batch job 242477
Submitted batch job 242478
Submitted batch job 242479
Submitted batch job 242480
  [Watchdog] Checking task health...
[2026-03-21 01:28:54] [Status] Active Jobs: 15 / Limit: 15
Submitted batch job 242481
  [Watchdog] Checking task health...
[2026-03-21 01:33:55] [Status] Active Jobs: 15 / Limit: 15
  [Watchdog] Checking task health...
[2026-03-21 01:38:55] [Status] Active Jobs: 15 / Limit: 15
  [Watchdog] Checking task health...
[2026-03-21 01:43:55] [Status] Active Jobs: 15 / Limit: 15
  [Watchdog] Checking task health...
[2026-03-21 01:48:55] [Status] Active Jobs: 15 / Limit: 15
Submitted batch job 242482
  [Watchdog] Checking task health...
[2026-03-21 01:53:56] [Status] Active Jobs: 15 / Limit: 15
  [Watchdog] Checking task health...
[2026-03-21 01:58:56] [Status] Active Jobs: 15 / Limit: 15
  [Watchdog] Checking task health...
[2026-03-21 02:03:56] [Status] Active Jobs: 15 / Limit: 15
Submitted batch job 242483
  [Watchdog] Checking task health...
[2026-03-21 02:08:57] [Status] Active Jobs: 15 / Limit: 15
  [Watchdog] Checking task health...
[2026-03-21 02:13:57] [Status] Active Jobs: 15 / Limit: 15
[2026-03-21 02:13:57] [Done] Molecule 15_2 Analysis Completed!
Submitted batch job 242484
Submitted batch job 242485
  [Watchdog] Checking task health...
[2026-03-21 02:13:59]   [Database] 📦 Saved lightweight core data for 15_2.
[2026-03-21 02:18:59] [Status] Active Jobs: 14 / Limit: 15
[2026-03-21 02:18:59] [Start] 启动新任务: idx_0329169_CC
Submitted batch job 242486
Submitted batch job 242487
  [Watchdog] Checking task health...
[2026-03-21 02:24:01] [Status] Active Jobs: 15 / Limit: 15
Submitted batch job 242488
  [Watchdog] Checking task health...
[2026-03-21 02:29:02] [Status] Active Jobs: 15 / Limit: 15
Submitted batch job 242489
  [Watchdog] Checking task health...
[2026-03-21 02:34:03] [Status] Active Jobs: 15 / Limit: 15
  [Watchdog] Checking task health...
[2026-03-21 02:39:03] [Status] Active Jobs: 15 / Limit: 15
  [Watchdog] Checking task health...
[2026-03-21 02:44:03] [Status] Active Jobs: 15 / Limit: 15
Submitted batch job 242490
Submitted batch job 242491
  [Watchdog] Checking task health...
[2026-03-21 02:49:05] [Status] Active Jobs: 15 / Limit: 15
  [Watchdog] Checking task health...
[2026-03-21 02:54:05] [Status] Active Jobs: 15 / Limit: 15
Submitted batch job 242492
Submitted batch job 242493
  [Watchdog] Checking task health...
[2026-03-21 02:59:07] [Status] Active Jobs: 15 / Limit: 15
  [Watchdog] Checking task health...
[2026-03-21 03:04:07] [Status] Active Jobs: 15 / Limit: 15
Submitted batch job 242494
  [Watchdog] Checking task health...
[2026-03-21 03:09:08] [Status] Active Jobs: 15 / Limit: 15
  [Watchdog] Checking task health...
[2026-03-21 03:14:08] [Status] Active Jobs: 15 / Limit: 15
  [Watchdog] Checking task health...
[2026-03-21 03:19:08] [Status] Active Jobs: 15 / Limit: 15
  [Watchdog] Checking task health...
[2026-03-21 03:24:08] [Status] Active Jobs: 15 / Limit: 15
  [Watchdog] Checking task health...
[2026-03-21 03:29:08] [Status] Active Jobs: 15 / Limit: 15
  [Watchdog] Checking task health...
[2026-03-21 03:34:08] [Status] Active Jobs: 15 / Limit: 15
Submitted batch job 242495
  [Watchdog] Checking task health...
[2026-03-21 03:39:09] [Status] Active Jobs: 15 / Limit: 15
Submitted batch job 242496
  [Watchdog] Checking task health...
[2026-03-21 03:44:10] [Status] Active Jobs: 15 / Limit: 15
Submitted batch job 242497
  [Watchdog] Checking task health...
[2026-03-21 03:49:11] [Status] Active Jobs: 15 / Limit: 15
  [Watchdog] Checking task health...
[2026-03-21 03:54:11] [Status] Active Jobs: 15 / Limit: 15
  [Watchdog] Checking task health...
[2026-03-21 03:59:11] [Status] Active Jobs: 15 / Limit: 15
  [Watchdog] Checking task health...
[2026-03-21 04:04:11] [Status] Active Jobs: 15 / Limit: 15
  [Watchdog] Checking task health...
[2026-03-21 04:09:12] [Status] Active Jobs: 15 / Limit: 15
Submitted batch job 242498
  [Watchdog] Checking task health...
[2026-03-21 04:14:13] [Status] Active Jobs: 15 / Limit: 15
Submitted batch job 242499
  [Watchdog] Checking task health...
[2026-03-21 04:19:13] [Status] Active Jobs: 15 / Limit: 15
Submitted batch job 242500
Submitted batch job 242501
Submitted batch job 242502
Submitted batch job 242503
Submitted batch job 242504
Submitted batch job 242505
Submitted batch job 242506
Submitted batch job 242507
Submitted batch job 242508
Submitted batch job 242509
  [Watchdog] Checking task health...
[2026-03-21 04:24:19] [Status] Active Jobs: 15 / Limit: 15
Submitted batch job 242510
  [Watchdog] Checking task health...
[2026-03-21 04:29:19] [Status] Active Jobs: 15 / Limit: 15
Submitted batch job 242511
Submitted batch job 242512
  [Watchdog] Checking task health...
[2026-03-21 04:34:21] [Status] Active Jobs: 15 / Limit: 15
Submitted batch job 242513
  [Watchdog] Checking task health...
[2026-03-21 04:34:21]   [Lifecycle] Triggering background sync for COMPLETED tasks...
[2026-03-21 04:39:21] [Status] Active Jobs: 15 / Limit: 15
  [Watchdog] Checking task health...
[2026-03-21 04:44:21] [Status] Active Jobs: 15 / Limit: 15
  [Watchdog] Checking task health...
[2026-03-21 04:49:21] [Status] Active Jobs: 15 / Limit: 15
  [Watchdog] Checking task health...
[2026-03-21 04:54:21] [Status] Active Jobs: 15 / Limit: 15
  [Watchdog] Checking task health...
[2026-03-21 04:59:21] [Status] Active Jobs: 15 / Limit: 15
  [Watchdog] Checking task health...
[2026-03-21 05:04:21] [Status] Active Jobs: 15 / Limit: 15
  [Watchdog] Checking task health...
[2026-03-21 05:09:21] [Status] Active Jobs: 15 / Limit: 15
  [Watchdog] Checking task health...
[2026-03-21 05:14:21] [Status] Active Jobs: 15 / Limit: 15
  [Watchdog] Checking task health...
[2026-03-21 05:19:21] [Status] Active Jobs: 15 / Limit: 15
  [Watchdog] Checking task health...
[2026-03-21 05:24:22] [Status] Active Jobs: 15 / Limit: 15
Submitted batch job 242514
  [Watchdog] Checking task health...
[2026-03-21 05:29:23] [Status] Active Jobs: 15 / Limit: 15
  [Watchdog] Checking task health...
[2026-03-21 05:34:23] [Status] Active Jobs: 15 / Limit: 15
  [Watchdog] Checking task health...
[2026-03-21 05:39:23] [Status] Active Jobs: 15 / Limit: 15
  [Watchdog] Checking task health...
[2026-03-21 05:44:23] [Status] Active Jobs: 15 / Limit: 15
  [Watchdog] Checking task health...
[2026-03-21 05:49:23] [Status] Active Jobs: 15 / Limit: 15
  [Watchdog] Checking task health...
[2026-03-21 05:54:23] [Status] Active Jobs: 15 / Limit: 15
Submitted batch job 242515
  [Watchdog] Checking task health...
[2026-03-21 05:59:23] [Status] Active Jobs: 15 / Limit: 15
  [Watchdog] Checking task health...
[2026-03-21 06:04:23] [Status] Active Jobs: 15 / Limit: 15
  [Watchdog] Checking task health...
[2026-03-21 06:09:24] [Status] Active Jobs: 15 / Limit: 15
  [Watchdog] Checking task health...
[2026-03-21 06:14:24] [Status] Active Jobs: 15 / Limit: 15
  [Watchdog] Checking task health...
[2026-03-21 06:19:24] [Status] Active Jobs: 15 / Limit: 15
  [Watchdog] Checking task health...
[2026-03-21 06:24:24] [Status] Active Jobs: 15 / Limit: 15
  [Watchdog] Checking task health...
[2026-03-21 06:29:24] [Status] Active Jobs: 15 / Limit: 15
  [Watchdog] Checking task health...
[2026-03-21 06:34:24] [Status] Active Jobs: 15 / Limit: 15
Submitted batch job 242516
  [Watchdog] Checking task health...
[2026-03-21 06:39:25] [Status] Active Jobs: 15 / Limit: 15
  [Watchdog] Checking task health...
[2026-03-21 06:44:25] [Status] Active Jobs: 15 / Limit: 15
  [Watchdog] Checking task health...
[2026-03-21 06:49:25] [Status] Active Jobs: 15 / Limit: 15
  [Watchdog] Checking task health...
[2026-03-21 06:54:25] [Status] Active Jobs: 15 / Limit: 15
  [Watchdog] Checking task health...
[2026-03-21 06:59:25] [Status] Active Jobs: 15 / Limit: 15
  [Watchdog] Checking task health...
[2026-03-21 07:04:25] [Status] Active Jobs: 15 / Limit: 15
  [Watchdog] Checking task health...
[2026-03-21 07:09:25] [Status] Active Jobs: 15 / Limit: 15
  [Watchdog] Checking task health...
[2026-03-21 07:14:25] [Status] Active Jobs: 15 / Limit: 15
  [Watchdog] Checking task health...
[2026-03-21 07:19:26] [Status] Active Jobs: 15 / Limit: 15
  [Watchdog] Checking task health...
[2026-03-21 07:24:26] [Status] Active Jobs: 15 / Limit: 15
  [Watchdog] Checking task health...
[2026-03-21 07:29:26] [Status] Active Jobs: 15 / Limit: 15
  [Watchdog] Checking task health...
[2026-03-21 07:34:26] [Status] Active Jobs: 15 / Limit: 15
  [Watchdog] Checking task health...
[2026-03-21 07:39:26] [Status] Active Jobs: 15 / Limit: 15
  [Watchdog] Checking task health...
[2026-03-21 07:44:26] [Status] Active Jobs: 15 / Limit: 15
  [Watchdog] Checking task health...
[2026-03-21 07:49:26] [Status] Active Jobs: 15 / Limit: 15
  [Watchdog] Checking task health...
[2026-03-21 07:54:26] [Status] Active Jobs: 15 / Limit: 15
  [Watchdog] Checking task health...
[2026-03-21 07:59:26] [Status] Active Jobs: 15 / Limit: 15
  [Watchdog] Checking task health...
[2026-03-21 08:04:26] [Status] Active Jobs: 15 / Limit: 15
  [Watchdog] Checking task health...
[2026-03-21 08:09:26] [Status] Active Jobs: 15 / Limit: 15
  [Watchdog] Checking task health...
[2026-03-21 08:14:26] [Status] Active Jobs: 15 / Limit: 15
Submitted batch job 242517
  [Watchdog] Checking task health...
[2026-03-21 08:19:27] [Status] Active Jobs: 15 / Limit: 15
  [Watchdog] Checking task health...
[2026-03-21 08:24:27] [Status] Active Jobs: 15 / Limit: 15
  [Watchdog] Checking task health...
[2026-03-21 08:29:27] [Status] Active Jobs: 15 / Limit: 15
  [Watchdog] Checking task health...
[2026-03-21 08:34:27] [Status] Active Jobs: 15 / Limit: 15
  [Watchdog] Checking task health...
[2026-03-21 08:39:27] [Status] Active Jobs: 15 / Limit: 15
  [Watchdog] Checking task health...
[2026-03-21 08:44:27] [Status] Active Jobs: 15 / Limit: 15
  [Watchdog] Checking task health...
[2026-03-21 08:49:27] [Status] Active Jobs: 15 / Limit: 15
  [Watchdog] Checking task health...
[2026-03-21 08:54:27] [Status] Active Jobs: 15 / Limit: 15
  [Watchdog] Checking task health...
[2026-03-21 08:59:27] [Status] Active Jobs: 15 / Limit: 15
  [Watchdog] Checking task health...
[2026-03-21 09:04:27] [Status] Active Jobs: 15 / Limit: 15
  [Watchdog] Checking task health...
[2026-03-21 09:09:27] [Status] Active Jobs: 15 / Limit: 15
Submitted batch job 242521
  [Watchdog] Checking task health...
[2026-03-21 09:14:28] [Status] Active Jobs: 15 / Limit: 15
  [Watchdog] Checking task health...
[2026-03-21 09:19:28] [Status] Active Jobs: 15 / Limit: 15
  [Watchdog] Checking task health...
[2026-03-21 09:24:28] [Status] Active Jobs: 15 / Limit: 15
  [Watchdog] Checking task health...
[2026-03-21 09:29:28] [Status] Active Jobs: 15 / Limit: 15
  [Watchdog] Checking task health...
[2026-03-21 09:34:28] [Status] Active Jobs: 15 / Limit: 15
  [Watchdog] Checking task health...
[2026-03-21 09:39:29] [Status] Active Jobs: 15 / Limit: 15
  [Watchdog] Checking task health...
[2026-03-21 09:44:29] [Status] Active Jobs: 15 / Limit: 15
  [Watchdog] Checking task health...
[2026-03-21 09:49:29] [Status] Active Jobs: 15 / Limit: 15
  [Watchdog] Checking task health...
[2026-03-21 09:54:29] [Status] Active Jobs: 15 / Limit: 15
  [Watchdog] Checking task health...
[2026-03-21 09:59:29] [Status] Active Jobs: 15 / Limit: 15
  [Watchdog] Checking task health...
[2026-03-21 10:04:29] [Status] Active Jobs: 15 / Limit: 15
  [Watchdog] Checking task health...
[2026-03-21 10:09:29] [Status] Active Jobs: 15 / Limit: 15
Submitted batch job 242524
  [Watchdog] Checking task health...
[2026-03-21 10:14:30] [Status] Active Jobs: 15 / Limit: 15
  [Watchdog] Checking task health...
[2026-03-21 10:19:30] [Status] Active Jobs: 15 / Limit: 15
  [Watchdog] Checking task health...
[2026-03-21 10:24:30] [Status] Active Jobs: 15 / Limit: 15
  [Watchdog] Checking task health...
[2026-03-21 10:29:30] [Status] Active Jobs: 15 / Limit: 15
  [Watchdog] Checking task health...
[2026-03-21 10:34:30] [Status] Active Jobs: 15 / Limit: 15
Submitted batch job 242525
Submitted batch job 242526
  [Watchdog] Checking task health...
[2026-03-21 10:40:25] [Status] Active Jobs: 15 / Limit: 15
  [Watchdog] Checking task health...
[2026-03-21 10:45:25] [Status] Active Jobs: 15 / Limit: 15
  [Watchdog] Checking task health...
[2026-03-21 10:50:25] [Status] Active Jobs: 15 / Limit: 15
  [Watchdog] Checking task health...
[2026-03-21 10:55:25] [Status] Active Jobs: 15 / Limit: 15
  [Watchdog] Checking task health...
[2026-03-21 11:00:25] [Status] Active Jobs: 15 / Limit: 15
  [Watchdog] Checking task health...
[2026-03-21 11:05:25] [Status] Active Jobs: 15 / Limit: 15
  [Watchdog] Checking task health...
[2026-03-21 11:10:25] [Status] Active Jobs: 15 / Limit: 15
  [Watchdog] Checking task health...
[2026-03-21 11:15:25] [Status] Active Jobs: 15 / Limit: 15
  [Watchdog] Checking task health...
[2026-03-21 11:20:25] [Status] Active Jobs: 15 / Limit: 15
  [Watchdog] Checking task health...
[2026-03-21 11:25:25] [Status] Active Jobs: 15 / Limit: 15
  [Watchdog] Checking task health...
[2026-03-21 11:30:25] [Status] Active Jobs: 15 / Limit: 15
  [Watchdog] Checking task health...
[2026-03-21 11:35:26] [Status] Active Jobs: 15 / Limit: 15
  [Watchdog] Checking task health...
[2026-03-21 11:40:26] [Status] Active Jobs: 15 / Limit: 15
  [Watchdog] Checking task health...
[2026-03-21 11:45:26] [Status] Active Jobs: 15 / Limit: 15
  [Watchdog] Checking task health...
[2026-03-21 11:50:26] [Status] Active Jobs: 15 / Limit: 15
  [Watchdog] Checking task health...
[2026-03-21 11:55:26] [Status] Active Jobs: 15 / Limit: 15
  [Watchdog] Checking task health...
[2026-03-21 12:00:26] [Status] Active Jobs: 15 / Limit: 15
Submitted batch job 242527
Submitted batch job 242528
  [Watchdog] Checking task health...
[2026-03-21 12:05:27] [Status] Active Jobs: 15 / Limit: 15
  [Watchdog] Checking task health...
[2026-03-21 12:10:27] [Status] Active Jobs: 15 / Limit: 15
  [Watchdog] Checking task health...
[2026-03-21 12:15:27] [Status] Active Jobs: 15 / Limit: 15
  [Watchdog] Checking task health...
[2026-03-21 12:20:27] [Status] Active Jobs: 15 / Limit: 15
  [Watchdog] Checking task health...
[2026-03-21 12:25:27] [Status] Active Jobs: 15 / Limit: 15
  [Watchdog] Checking task health...
[2026-03-21 12:30:27] [Status] Active Jobs: 15 / Limit: 15
  [Watchdog] Checking task health...
[2026-03-21 12:35:27] [Status] Active Jobs: 15 / Limit: 15
  [Watchdog] Checking task health...
[2026-03-21 12:40:27] [Status] Active Jobs: 15 / Limit: 15
Submitted batch job 242529
  [Watchdog] Checking task health...
[2026-03-21 12:45:29] [Status] Active Jobs: 15 / Limit: 15
  [Watchdog] Checking task health...
[2026-03-21 12:50:29] [Status] Active Jobs: 15 / Limit: 15
  [Watchdog] Checking task health...
[2026-03-21 12:55:29] [Status] Active Jobs: 15 / Limit: 15
  [Watchdog] Checking task health...
[2026-03-21 13:00:29] [Status] Active Jobs: 15 / Limit: 15
  [Watchdog] Checking task health...
[2026-03-21 13:05:30] [Status] Active Jobs: 15 / Limit: 15
[2026-03-21 13:05:30] [Done] Molecule idx_0591577_CC Analysis Completed!
  [Watchdog] Checking task health...
[2026-03-21 13:05:30]   [Lifecycle] Triggering background sync for COMPLETED tasks...
[2026-03-21 13:10:30] [Status] Active Jobs: 14 / Limit: 15
[2026-03-21 13:10:30] [Start] 启动新任务: idx_0429291_CC
Submitted batch job 242530
  [Watchdog] Checking task health...
[2026-03-21 13:15:31] [Status] Active Jobs: 15 / Limit: 15
  [Watchdog] Checking task health...
[2026-03-21 13:20:31] [Status] Active Jobs: 15 / Limit: 15
  [Watchdog] Checking task health...
[2026-03-21 13:25:31] [Status] Active Jobs: 15 / Limit: 15
  [Watchdog] Checking task health...
[2026-03-21 13:30:31] [Status] Active Jobs: 15 / Limit: 15
  [Watchdog] Checking task health...
[2026-03-21 13:35:31] [Status] Active Jobs: 15 / Limit: 15
  [Watchdog] Checking task health...
[2026-03-21 13:40:31] [Status] Active Jobs: 15 / Limit: 15
  [Watchdog] Checking task health...
[2026-03-21 13:45:32] [Status] Active Jobs: 15 / Limit: 15
  [Watchdog] Checking task health...
[2026-03-21 13:50:32] [Status] Active Jobs: 15 / Limit: 15
  [Watchdog] Checking task health...
[2026-03-21 13:55:32] [Status] Active Jobs: 15 / Limit: 15
  [Watchdog] Checking task health...
[2026-03-21 14:00:32] [Status] Active Jobs: 15 / Limit: 15
  [Watchdog] Checking task health...
[2026-03-21 14:05:32] [Status] Active Jobs: 15 / Limit: 15
  [Watchdog] Checking task health...
[2026-03-21 14:10:32] [Status] Active Jobs: 15 / Limit: 15
  [Watchdog] Checking task health...
[2026-03-21 14:15:32] [Status] Active Jobs: 15 / Limit: 15
  [Watchdog] Checking task health...
[2026-03-21 14:20:32] [Status] Active Jobs: 15 / Limit: 15
  [Watchdog] Checking task health...
[2026-03-21 14:25:32] [Status] Active Jobs: 15 / Limit: 15
  [Watchdog] Checking task health...
[2026-03-21 14:30:32] [Status] Active Jobs: 15 / Limit: 15
  [Watchdog] Checking task health...
[2026-03-21 14:35:32] [Status] Active Jobs: 15 / Limit: 15
  [Watchdog] Checking task health...
[2026-03-21 14:40:32] [Status] Active Jobs: 15 / Limit: 15
  [Watchdog] Checking task health...
[2026-03-21 14:45:32] [Status] Active Jobs: 15 / Limit: 15
  [Watchdog] Checking task health...
[2026-03-21 14:50:33] [Status] Active Jobs: 15 / Limit: 15
  [Watchdog] Checking task health...
[2026-03-21 14:55:33] [Status] Active Jobs: 15 / Limit: 15
  [Watchdog] Checking task health...
[2026-03-21 15:00:33] [Status] Active Jobs: 15 / Limit: 15
